Start time: 12:56:39 on Sep 12,2025
qverilog SNIPPET.v 
-- Compiling module SNIPPET

Top level modules:
	SNIPPET
# vsim -lib work work.SNIPPET -c -do "run -all; quit -f" -appendlog -l qverilog.log -vopt 
# ** Note: (vsim-3813) Design is being optimized due to module recompilation...
# //  Questa Sim-64
# //  Version 10.7c win64 Aug 18 2018
# //
# //  Copyright 1991-2018 Mentor Graphics Corporation
# //  All Rights Reserved.
# //
# //  QuestaSim and its associated documentation contain trade
# //  secrets and commercial or financial information that are the property of
# //  Mentor Graphics Corporation and are privileged, confidential,
# //  and exempt from disclosure under the Freedom of Information Act,
# //  5 U.S.C. Section 552. Furthermore, this information
# //  is prohibited from disclosure under the Trade Secrets Act,
# //  18 U.S.C. Section 1905.
# //
# Loading work.SNIPPET(fast)
# run -all
# sum=         1 carry=         0
# i=00 s=1 y=0
# g=1 l=0 e=0
# y=1
#  quit -f
# End time: 12:56:42 on Sep 12,2025, Elapsed time: 0:00:03
# Errors: 0, Warnings: 0
