Start time: 19:14:06 on Sep 03,2025
qverilog EPC.v 
-- Compiling module EPC
-- Compiling module EPC_tb

Top level modules:
	EPC_tb
# vsim -lib work work.EPC_tb -c -do "run -all; quit -f" -appendlog -l qverilog.log -vopt 
# ** Note: (vsim-3812) Design is being optimized...
# //  Questa Sim-64
# //  Version 10.7c win64 Aug 18 2018
# //
# //  Copyright 1991-2018 Mentor Graphics Corporation
# //  All Rights Reserved.
# //
# //  QuestaSim and its associated documentation contain trade
# //  secrets and commercial or financial information that are the property of
# //  Mentor Graphics Corporation and are privileged, confidential,
# //  and exempt from disclosure under the Freedom of Information Act,
# //  5 U.S.C. Section 552. Furthermore, this information
# //  is prohibited from disclosure under the Trade Secrets Act,
# //  18 U.S.C. Section 1905.
# //
# Loading work.EPC_tb(fast)
# run -all
# a=0 b=1 c=1 pb=1 pc=0 Time=                   0
# a=1 b=1 c=1 pb=0 pc=0 Time=                  10
# a=1 b=1 c=0 pb=1 pc=0 Time=                  20
# a=1 b=0 c=1 pb=0 pc=0 Time=                  30
# a=1 b=0 c=1 pb=1 pc=0 Time=                  40
# a=0 b=1 c=0 pb=0 pc=0 Time=                  50
# a=0 b=1 c=0 pb=1 pc=0 Time=                  60
# a=1 b=1 c=1 pb=0 pc=0 Time=                  70
# a=0 b=0 c=0 pb=1 pc=0 Time=                  80
# a=0 b=1 c=1 pb=1 pc=0 Time=                  90
#  quit -f
# End time: 19:14:15 on Sep 03,2025, Elapsed time: 0:00:09
# Errors: 0, Warnings: 0
