Start time: 15:56:48 on Sep 14,2025
qverilog PN.v 
-- Compiling module PN

Top level modules:
	PN
# vsim -lib work work.PN -c -do "run -all; quit -f" -appendlog -l qverilog.log -vopt 
# ** Note: (vsim-3813) Design is being optimized due to module recompilation...
# //  Questa Sim-64
# //  Version 10.7c win64 Aug 18 2018
# //
# //  Copyright 1991-2018 Mentor Graphics Corporation
# //  All Rights Reserved.
# //
# //  QuestaSim and its associated documentation contain trade
# //  secrets and commercial or financial information that are the property of
# //  Mentor Graphics Corporation and are privileged, confidential,
# //  and exempt from disclosure under the Freedom of Information Act,
# //  5 U.S.C. Section 552. Furthermore, this information
# //  is prohibited from disclosure under the Trade Secrets Act,
# //  18 U.S.C. Section 1905.
# //
# Loading work.PN(fast)
# run -all
#           5*          1=          5
#           5*          2=         10
#           5*          3=         15
#           5*          4=         20
#           5*          5=         25
#           5*          6=         30
#           5*          7=         35
#           5*          8=         40
#           5*          9=         45
#           5*         10=         50
#  quit -f
# End time: 15:56:51 on Sep 14,2025, Elapsed time: 0:00:03
# Errors: 0, Warnings: 0
